<?xml version="1.0" encoding="UTF-8"?>
<testng-results ignored="1" total="2" passed="1" failed="0" skipped="0">
  <reporter-output>
  </reporter-output>
  <suite started-at="2022-07-27T19:24:51 IST" name="Default suite" finished-at="2022-07-27T19:25:25 IST" duration-ms="33880">
    <groups>
    </groups>
    <test started-at="2022-07-27T19:24:51 IST" name="Default test" finished-at="2022-07-27T19:25:25 IST" duration-ms="33880">
      <class name="Tests.Tests">
        <test-method is-config="true" signature="TrelloNavigation()[pri:0, instance:Tests.Tests@6cd28fa7]" started-at="2022-07-27T19:24:51 IST" name="TrelloNavigation" finished-at="2022-07-27T19:25:01 IST" duration-ms="9495" status="PASS">
          <reporter-output>
          </reporter-output>
        </test-method> <!-- TrelloNavigation -->
        <test-method signature="DashboardTest()[pri:2, instance:Tests.Tests@6cd28fa7]" started-at="2022-07-27T19:25:01 IST" name="DashboardTest" finished-at="2022-07-27T19:25:24 IST" duration-ms="23306" status="PASS">
          <reporter-output>
          </reporter-output>
        </test-method> <!-- DashboardTest -->
        <test-method is-config="true" signature="quitBrowser()[pri:0, instance:Tests.Tests@6cd28fa7]" started-at="2022-07-27T19:25:24 IST" name="quitBrowser" finished-at="2022-07-27T19:25:25 IST" duration-ms="1043" status="PASS">
          <reporter-output>
          </reporter-output>
        </test-method> <!-- quitBrowser -->
      </class> <!-- Tests.Tests -->
    </test> <!-- Default test -->
  </suite> <!-- Default suite -->
</testng-results>
