<?xml version="1.0" encoding="UTF-8"?>
<testng-results ignored="0" total="2" passed="2" failed="0" skipped="0">
  <reporter-output>
  </reporter-output>
  <suite started-at="2022-07-27T18:40:40 IST" name="Default suite" finished-at="2022-07-27T18:41:34 IST" duration-ms="54204">
    <groups>
    </groups>
    <test started-at="2022-07-27T18:40:40 IST" name="Default test" finished-at="2022-07-27T18:41:34 IST" duration-ms="54204">
      <class name="Tests.Tests">
        <test-method is-config="true" signature="TrelloNavigation()[pri:0, instance:Tests.Tests@7fee8714]" started-at="2022-07-27T18:40:40 IST" name="TrelloNavigation" finished-at="2022-07-27T18:40:47 IST" duration-ms="6761" status="PASS">
          <reporter-output>
          </reporter-output>
        </test-method> <!-- TrelloNavigation -->
        <test-method signature="LoginTrello()[pri:1, instance:Tests.Tests@7fee8714]" started-at="2022-07-27T18:40:47 IST" name="LoginTrello" finished-at="2022-07-27T18:41:02 IST" duration-ms="15605" status="PASS">
          <reporter-output>
          </reporter-output>
        </test-method> <!-- LoginTrello -->
        <test-method is-config="true" signature="quitBrowser()[pri:0, instance:Tests.Tests@7fee8714]" started-at="2022-07-27T18:41:02 IST" name="quitBrowser" finished-at="2022-07-27T18:41:03 IST" duration-ms="1011" status="PASS">
          <reporter-output>
          </reporter-output>
        </test-method> <!-- quitBrowser -->
        <test-method is-config="true" signature="TrelloNavigation()[pri:0, instance:Tests.Tests@7fee8714]" started-at="2022-07-27T18:41:03 IST" name="TrelloNavigation" finished-at="2022-07-27T18:41:08 IST" duration-ms="4834" status="PASS">
          <reporter-output>
          </reporter-output>
        </test-method> <!-- TrelloNavigation -->
        <test-method signature="DashboardTest()[pri:2, instance:Tests.Tests@7fee8714]" started-at="2022-07-27T18:41:08 IST" name="DashboardTest" finished-at="2022-07-27T18:41:33 IST" duration-ms="24911" status="PASS">
          <reporter-output>
          </reporter-output>
        </test-method> <!-- DashboardTest -->
        <test-method is-config="true" signature="quitBrowser()[pri:0, instance:Tests.Tests@7fee8714]" started-at="2022-07-27T18:41:33 IST" name="quitBrowser" finished-at="2022-07-27T18:41:34 IST" duration-ms="1042" status="PASS">
          <reporter-output>
          </reporter-output>
        </test-method> <!-- quitBrowser -->
      </class> <!-- Tests.Tests -->
    </test> <!-- Default test -->
  </suite> <!-- Default suite -->
</testng-results>
